<?xml version="1.0" encoding="UTF-8"?>
<testsuite name="com.example.ddooheeJpa.DdooheeJpaApplicationTests" tests="1" skipped="0" failures="0" errors="0" timestamp="2023-02-01T15:15:48" hostname="DESKTOP-RU81JST" time="0.192">
  <properties/>
  <testcase name="contextLoads()" classname="com.example.ddooheeJpa.DdooheeJpaApplicationTests" time="0.192"/>
  <system-out><![CDATA[00:15:38.112 [Test worker] DEBUG org.springframework.test.context.BootstrapUtils - Instantiating CacheAwareContextLoaderDelegate from class [org.springframework.test.context.cache.DefaultCacheAwareContextLoaderDelegate]
00:15:38.128 [Test worker] DEBUG org.springframework.test.context.BootstrapUtils - Instantiating BootstrapContext using constructor [public org.springframework.test.context.support.DefaultBootstrapContext(java.lang.Class,org.springframework.test.context.CacheAwareContextLoaderDelegate)]
00:15:38.174 [Test worker] DEBUG org.springframework.test.context.BootstrapUtils - Instantiating TestContextBootstrapper for test class [com.example.ddooheeJpa.DdooheeJpaApplicationTests] from class [org.springframework.boot.test.context.SpringBootTestContextBootstrapper]
00:15:38.192 [Test worker] INFO org.springframework.boot.test.context.SpringBootTestContextBootstrapper - Neither @ContextConfiguration nor @ContextHierarchy found for test class [com.example.ddooheeJpa.DdooheeJpaApplicationTests], using SpringBootContextLoader
00:15:38.199 [Test worker] DEBUG org.springframework.test.context.support.AbstractContextLoader - Did not detect default resource location for test class [com.example.ddooheeJpa.DdooheeJpaApplicationTests]: class path resource [com/example/ddooheeJpa/DdooheeJpaApplicationTests-context.xml] does not exist
00:15:38.200 [Test worker] DEBUG org.springframework.test.context.support.AbstractContextLoader - Did not detect default resource location for test class [com.example.ddooheeJpa.DdooheeJpaApplicationTests]: class path resource [com/example/ddooheeJpa/DdooheeJpaApplicationTestsContext.groovy] does not exist
00:15:38.201 [Test worker] INFO org.springframework.test.context.support.AbstractContextLoader - Could not detect default resource locations for test class [com.example.ddooheeJpa.DdooheeJpaApplicationTests]: no resource found for suffixes {-context.xml, Context.groovy}.
00:15:38.202 [Test worker] INFO org.springframework.test.context.support.AnnotationConfigContextLoaderUtils - Could not detect default configuration classes for test class [com.example.ddooheeJpa.DdooheeJpaApplicationTests]: DdooheeJpaApplicationTests does not declare any static, non-private, non-final, nested classes annotated with @Configuration.
00:15:38.271 [Test worker] DEBUG org.springframework.test.context.support.ActiveProfilesUtils - Could not find an 'annotation declaring class' for annotation type [org.springframework.test.context.ActiveProfiles] and class [com.example.ddooheeJpa.DdooheeJpaApplicationTests]
00:15:38.424 [Test worker] DEBUG org.springframework.context.annotation.ClassPathScanningCandidateComponentProvider - Identified candidate component class: file [C:\Users\82102\Desktop\ddooheeJpa\ddooheeJpa\build\classes\java\main\com\example\ddooheeJpa\DdooheeJpaApplication.class]
00:15:38.426 [Test worker] INFO org.springframework.boot.test.context.SpringBootTestContextBootstrapper - Found @SpringBootConfiguration com.example.ddooheeJpa.DdooheeJpaApplication for test class com.example.ddooheeJpa.DdooheeJpaApplicationTests
00:15:38.613 [Test worker] DEBUG org.springframework.boot.test.context.SpringBootTestContextBootstrapper - @TestExecutionListeners is not present for class [com.example.ddooheeJpa.DdooheeJpaApplicationTests]: using defaults.
00:15:38.614 [Test worker] INFO org.springframework.boot.test.context.SpringBootTestContextBootstrapper - Loaded default TestExecutionListener class names from location [META-INF/spring.factories]: [org.springframework.boot.test.autoconfigure.restdocs.RestDocsTestExecutionListener, org.springframework.boot.test.autoconfigure.web.client.MockRestServiceServerResetTestExecutionListener, org.springframework.boot.test.autoconfigure.web.servlet.MockMvcPrintOnlyOnFailureTestExecutionListener, org.springframework.boot.test.autoconfigure.web.servlet.WebDriverTestExecutionListener, org.springframework.boot.test.autoconfigure.webservices.client.MockWebServiceServerTestExecutionListener, org.springframework.boot.test.mock.mockito.MockitoTestExecutionListener, org.springframework.boot.test.mock.mockito.ResetMocksTestExecutionListener, org.springframework.test.context.web.ServletTestExecutionListener, org.springframework.test.context.support.DirtiesContextBeforeModesTestExecutionListener, org.springframework.test.context.event.ApplicationEventsTestExecutionListener, org.springframework.test.context.support.DependencyInjectionTestExecutionListener, org.springframework.test.context.support.DirtiesContextTestExecutionListener, org.springframework.test.context.transaction.TransactionalTestExecutionListener, org.springframework.test.context.jdbc.SqlScriptsTestExecutionListener, org.springframework.test.context.event.EventPublishingTestExecutionListener]
00:15:38.641 [Test worker] INFO org.springframework.boot.test.context.SpringBootTestContextBootstrapper - Using TestExecutionListeners: [org.springframework.test.context.web.ServletTestExecutionListener@7cc9ce8, org.springframework.test.context.support.DirtiesContextBeforeModesTestExecutionListener@2e27d72f, org.springframework.test.context.event.ApplicationEventsTestExecutionListener@c0b41d6, org.springframework.boot.test.mock.mockito.MockitoTestExecutionListener@4837595f, org.springframework.boot.test.autoconfigure.SpringBootDependencyInjectionTestExecutionListener@2bffa76d, org.springframework.test.context.support.DirtiesContextTestExecutionListener@3b718392, org.springframework.test.context.transaction.TransactionalTestExecutionListener@6d2260db, org.springframework.test.context.jdbc.SqlScriptsTestExecutionListener@1f2d2181, org.springframework.test.context.event.EventPublishingTestExecutionListener@49bf29c6, org.springframework.boot.test.autoconfigure.restdocs.RestDocsTestExecutionListener@7ee55e70, org.springframework.boot.test.autoconfigure.web.client.MockRestServiceServerResetTestExecutionListener@3fcdcf, org.springframework.boot.test.autoconfigure.web.servlet.MockMvcPrintOnlyOnFailureTestExecutionListener@7668d560, org.springframework.boot.test.autoconfigure.web.servlet.WebDriverTestExecutionListener@46292372, org.springframework.boot.test.autoconfigure.webservices.client.MockWebServiceServerTestExecutionListener@126be319, org.springframework.boot.test.mock.mockito.ResetMocksTestExecutionListener@6c44052e]
00:15:38.646 [Test worker] DEBUG org.springframework.test.context.support.AbstractDirtiesContextTestExecutionListener - Before test class: context [DefaultTestContext@6979efad testClass = DdooheeJpaApplicationTests, testInstance = [null], testMethod = [null], testException = [null], mergedContextConfiguration = [WebMergedContextConfiguration@5a6d5a8f testClass = DdooheeJpaApplicationTests, locations = '{}', classes = '{class com.example.ddooheeJpa.DdooheeJpaApplication}', contextInitializerClasses = '[]', activeProfiles = '{}', propertySourceLocations = '{}', propertySourceProperties = '{org.springframework.boot.test.context.SpringBootTestContextBootstrapper=true}', contextCustomizers = set[org.springframework.boot.test.autoconfigure.actuate.metrics.MetricsExportContextCustomizerFactory$DisableMetricExportContextCustomizer@630cb4a4, org.springframework.boot.test.autoconfigure.properties.PropertyMappingContextCustomizer@0, org.springframework.boot.test.autoconfigure.web.servlet.WebDriverContextCustomizerFactory$Customizer@2b43529a, org.springframework.boot.test.context.filter.ExcludeFilterContextCustomizer@c260bdc, org.springframework.boot.test.json.DuplicateJsonObjectContextCustomizerFactory$DuplicateJsonObjectContextCustomizer@3f363cf5, org.springframework.boot.test.mock.mockito.MockitoContextCustomizer@0, org.springframework.boot.test.web.client.TestRestTemplateContextCustomizer@275fe372, org.springframework.boot.test.context.SpringBootTestArgs@1, org.springframework.boot.test.context.SpringBootTestWebEnvironment@495ee280], resourceBasePath = 'src/main/webapp', contextLoader = 'org.springframework.boot.test.context.SpringBootContextLoader', parent = [null]], attributes = map['org.springframework.test.context.web.ServletTestExecutionListener.activateListener' -> true]], class annotated with @DirtiesContext [false] with mode [null].

  .   ____          _            __ _ _
 /\\ / ___'_ __ _ _(_)_ __  __ _ \ \ \ \
( ( )\___ | '_ | '_| | '_ \/ _` | \ \ \ \
 \\/  ___)| |_)| | | | | || (_| |  ) ) ) )
  '  |____| .__|_| |_|_| |_\__, | / / / /
 =========|_|==============|___/=/_/_/_/
 :: Spring Boot ::                (v2.7.7)

2023-02-02 00:15:39.276  INFO 1048 --- [    Test worker] c.e.d.DdooheeJpaApplicationTests         : Starting DdooheeJpaApplicationTests using Java 11.0.15 on DESKTOP-RU81JST with PID 1048 (started by songjuhee in C:\Users\82102\Desktop\ddooheeJpa\ddooheeJpa)
2023-02-02 00:15:39.278  INFO 1048 --- [    Test worker] c.e.d.DdooheeJpaApplicationTests         : No active profile set, falling back to 1 default profile: "default"
2023-02-02 00:15:40.865  INFO 1048 --- [    Test worker] .s.d.r.c.RepositoryConfigurationDelegate : Bootstrapping Spring Data JPA repositories in DEFAULT mode.
2023-02-02 00:15:41.055  INFO 1048 --- [    Test worker] .s.d.r.c.RepositoryConfigurationDelegate : Finished Spring Data repository scanning in 177 ms. Found 9 JPA repository interfaces.
2023-02-02 00:15:42.204  INFO 1048 --- [    Test worker] o.hibernate.jpa.internal.util.LogHelper  : HHH000204: Processing PersistenceUnitInfo [name: default]
2023-02-02 00:15:42.298  INFO 1048 --- [    Test worker] org.hibernate.Version                    : HHH000412: Hibernate ORM core version 5.6.14.Final
2023-02-02 00:15:42.567  INFO 1048 --- [    Test worker] o.hibernate.annotations.common.Version   : HCANN000001: Hibernate Commons Annotations {5.1.2.Final}
2023-02-02 00:15:42.745  INFO 1048 --- [    Test worker] com.zaxxer.hikari.HikariDataSource       : HikariPool-1 - Starting...
2023-02-02 00:15:43.153  INFO 1048 --- [    Test worker] com.zaxxer.hikari.HikariDataSource       : HikariPool-1 - Start completed.
2023-02-02 00:15:43.207  INFO 1048 --- [    Test worker] org.hibernate.dialect.Dialect            : HHH000400: Using dialect: org.hibernate.dialect.MySQL5InnoDBDialect
2023-02-02 00:15:44.771  INFO 1048 --- [    Test worker] o.h.e.t.j.p.i.JtaPlatformInitiator       : HHH000490: Using JtaPlatform implementation: [org.hibernate.engine.transaction.jta.platform.internal.NoJtaPlatform]
2023-02-02 00:15:44.790  INFO 1048 --- [    Test worker] j.LocalContainerEntityManagerFactoryBean : Initialized JPA EntityManagerFactory for persistence unit 'default'
2023-02-02 00:15:46.477  WARN 1048 --- [    Test worker] JpaBaseConfiguration$JpaWebConfiguration : spring.jpa.open-in-view is enabled by default. Therefore, database queries may be performed during view rendering. Explicitly configure spring.jpa.open-in-view to disable this warning
2023-02-02 00:15:47.974  INFO 1048 --- [    Test worker] c.e.d.DdooheeJpaApplicationTests         : Started DdooheeJpaApplicationTests in 9.274 seconds (JVM running for 19.469)
]]></system-out>
  <system-err><![CDATA[]]></system-err>
</testsuite>
